<?xml version="1.0" encoding="UTF-8"?>
<testsuite xmlns:xsi="http://www.w3.org/2001/XMLSchema-instance" xsi:noNamespaceSchemaLocation="https://maven.apache.org/surefire/maven-surefire-plugin/xsd/surefire-test-report-3.0.xsd" version="3.0" name="databaseTest.FileServiceTest" time="0.008" tests="4" errors="0" skipped="0" failures="0">
  <properties>
    <property name="java.specification.version" value="21"/>
    <property name="sun.jnu.encoding" value="UTF-8"/>
    <property name="java.class.path" value="/Users/tarequzzamankhan/Library/CloudStorage/OneDrive-CQUniversity/Semester3/COIT20258/Assignment2/DRSManagement/target/test-classes:/Users/tarequzzamankhan/.m2/repository/org/openjfx/javafx-controls/13/javafx-controls-13.jar:/Users/tarequzzamankhan/.m2/repository/org/openjfx/javafx-graphics/13/javafx-graphics-13.jar:/Users/tarequzzamankhan/.m2/repository/org/openjfx/javafx-base/13/javafx-base-13.jar:/Users/tarequzzamankhan/.m2/repository/org/openjfx/javafx-fxml/13/javafx-fxml-13.jar:/Users/tarequzzamankhan/.m2/repository/com/mysql/mysql-connector-j/8.0.33/mysql-connector-j-8.0.33.jar:/Users/tarequzzamankhan/.m2/repository/com/google/protobuf/protobuf-java/3.21.9/protobuf-java-3.21.9.jar:/Users/tarequzzamankhan/.m2/repository/org/junit/jupiter/junit-jupiter-params/5.6.0/junit-jupiter-params-5.6.0.jar:/Users/tarequzzamankhan/.m2/repository/org/apiguardian/apiguardian-api/1.1.0/apiguardian-api-1.1.0.jar:/Users/tarequzzamankhan/.m2/repository/org/junit/jupiter/junit-jupiter-api/5.6.0/junit-jupiter-api-5.6.0.jar:/Users/tarequzzamankhan/.m2/repository/org/opentest4j/opentest4j/1.2.0/opentest4j-1.2.0.jar:/Users/tarequzzamankhan/.m2/repository/org/junit/platform/junit-platform-commons/1.6.0/junit-platform-commons-1.6.0.jar:/Users/tarequzzamankhan/.m2/repository/org/junit/jupiter/junit-jupiter-engine/5.6.0/junit-jupiter-engine-5.6.0.jar:/Users/tarequzzamankhan/.m2/repository/org/junit/platform/junit-platform-engine/1.6.0/junit-platform-engine-1.6.0.jar:"/>
    <property name="java.vm.vendor" value="Oracle Corporation"/>
    <property name="sun.arch.data.model" value="64"/>
    <property name="java.vendor.url" value="https://java.oracle.com/"/>
    <property name="os.name" value="Mac OS X"/>
    <property name="java.vm.specification.version" value="21"/>
    <property name="user.country" value="GB"/>
    <property name="sun.java.launcher" value="SUN_STANDARD"/>
    <property name="sun.boot.library.path" value="/Library/Java/JavaVirtualMachines/jdk-21.jdk/Contents/Home/lib"/>
    <property name="sun.java.command" value="org.apache.maven.surefire.booter.ForkedBooter /Users/tarequzzamankhan/Library/CloudStorage/OneDrive-CQUniversity/Semester3/COIT20258/Assignment2/DRSManagement/target/surefire 2024-09-12T13-10-56_691-jvmRun1 surefire-20240912131057043_1tmp surefire_0-20240912131057043_2tmp"/>
    <property name="http.nonProxyHosts" value="local|*.local|169.254/16|*.169.254/16"/>
    <property name="jdk.debug" value="release"/>
    <property name="surefire.test.class.path" value="/Users/tarequzzamankhan/Library/CloudStorage/OneDrive-CQUniversity/Semester3/COIT20258/Assignment2/DRSManagement/target/test-classes:/Users/tarequzzamankhan/.m2/repository/org/openjfx/javafx-controls/13/javafx-controls-13.jar:/Users/tarequzzamankhan/.m2/repository/org/openjfx/javafx-graphics/13/javafx-graphics-13.jar:/Users/tarequzzamankhan/.m2/repository/org/openjfx/javafx-base/13/javafx-base-13.jar:/Users/tarequzzamankhan/.m2/repository/org/openjfx/javafx-fxml/13/javafx-fxml-13.jar:/Users/tarequzzamankhan/.m2/repository/com/mysql/mysql-connector-j/8.0.33/mysql-connector-j-8.0.33.jar:/Users/tarequzzamankhan/.m2/repository/com/google/protobuf/protobuf-java/3.21.9/protobuf-java-3.21.9.jar:/Users/tarequzzamankhan/.m2/repository/org/junit/jupiter/junit-jupiter-params/5.6.0/junit-jupiter-params-5.6.0.jar:/Users/tarequzzamankhan/.m2/repository/org/apiguardian/apiguardian-api/1.1.0/apiguardian-api-1.1.0.jar:/Users/tarequzzamankhan/.m2/repository/org/junit/jupiter/junit-jupiter-api/5.6.0/junit-jupiter-api-5.6.0.jar:/Users/tarequzzamankhan/.m2/repository/org/opentest4j/opentest4j/1.2.0/opentest4j-1.2.0.jar:/Users/tarequzzamankhan/.m2/repository/org/junit/platform/junit-platform-commons/1.6.0/junit-platform-commons-1.6.0.jar:/Users/tarequzzamankhan/.m2/repository/org/junit/jupiter/junit-jupiter-engine/5.6.0/junit-jupiter-engine-5.6.0.jar:/Users/tarequzzamankhan/.m2/repository/org/junit/platform/junit-platform-engine/1.6.0/junit-platform-engine-1.6.0.jar:"/>
    <property name="sun.cpu.endian" value="little"/>
    <property name="user.home" value="/Users/tarequzzamankhan"/>
    <property name="user.language" value="en"/>
    <property name="java.specification.vendor" value="Oracle Corporation"/>
    <property name="jdk.module.path" value="/Users/tarequzzamankhan/Library/CloudStorage/OneDrive-CQUniversity/Semester3/COIT20258/Assignment2/DRSManagement/target/classes:/Users/tarequzzamankhan/.m2/repository/org/openjfx/javafx-controls/13/javafx-controls-13-mac.jar:/Users/tarequzzamankhan/.m2/repository/org/openjfx/javafx-graphics/13/javafx-graphics-13-mac.jar:/Users/tarequzzamankhan/.m2/repository/org/openjfx/javafx-base/13/javafx-base-13-mac.jar:/Users/tarequzzamankhan/.m2/repository/org/openjfx/javafx-fxml/13/javafx-fxml-13-mac.jar"/>
    <property name="java.version.date" value="2024-01-16"/>
    <property name="java.home" value="/Library/Java/JavaVirtualMachines/jdk-21.jdk/Contents/Home"/>
    <property name="file.separator" value="/"/>
    <property name="basedir" value="/Users/tarequzzamankhan/Library/CloudStorage/OneDrive-CQUniversity/Semester3/COIT20258/Assignment2/DRSManagement"/>
    <property name="java.vm.compressedOopsMode" value="Zero based"/>
    <property name="line.separator" value="&#10;"/>
    <property name="java.vm.specification.vendor" value="Oracle Corporation"/>
    <property name="java.specification.name" value="Java Platform API Specification"/>
    <property name="apple.awt.application.name" value="ForkedBooter"/>
    <property name="surefire.real.class.path" value="/Users/tarequzzamankhan/.m2/repository/org/apache/maven/surefire/surefire-api/3.1.2/surefire-api-3.1.2.jar:/Users/tarequzzamankhan/.m2/repository/org/apache/maven/surefire/surefire-booter/3.1.2/surefire-booter-3.1.2.jar:/Users/tarequzzamankhan/.m2/repository/org/apache/maven/surefire/surefire-extensions-spi/3.1.2/surefire-extensions-spi-3.1.2.jar:/Users/tarequzzamankhan/.m2/repository/org/apache/maven/surefire/surefire-logger-api/3.1.2/surefire-logger-api-3.1.2.jar:/Users/tarequzzamankhan/.m2/repository/org/apache/maven/surefire/surefire-shared-utils/3.1.2/surefire-shared-utils-3.1.2.jar:/Users/tarequzzamankhan/Library/CloudStorage/OneDrive-CQUniversity/Semester3/COIT20258/Assignment2/DRSManagement/target/test-classes:/Users/tarequzzamankhan/.m2/repository/org/openjfx/javafx-controls/13/javafx-controls-13.jar:/Users/tarequzzamankhan/.m2/repository/org/openjfx/javafx-graphics/13/javafx-graphics-13.jar:/Users/tarequzzamankhan/.m2/repository/org/openjfx/javafx-base/13/javafx-base-13.jar:/Users/tarequzzamankhan/.m2/repository/org/openjfx/javafx-fxml/13/javafx-fxml-13.jar:/Users/tarequzzamankhan/.m2/repository/com/mysql/mysql-connector-j/8.0.33/mysql-connector-j-8.0.33.jar:/Users/tarequzzamankhan/.m2/repository/com/google/protobuf/protobuf-java/3.21.9/protobuf-java-3.21.9.jar:/Users/tarequzzamankhan/.m2/repository/org/junit/jupiter/junit-jupiter-params/5.6.0/junit-jupiter-params-5.6.0.jar:/Users/tarequzzamankhan/.m2/repository/org/apiguardian/apiguardian-api/1.1.0/apiguardian-api-1.1.0.jar:/Users/tarequzzamankhan/.m2/repository/org/junit/jupiter/junit-jupiter-api/5.6.0/junit-jupiter-api-5.6.0.jar:/Users/tarequzzamankhan/.m2/repository/org/opentest4j/opentest4j/1.2.0/opentest4j-1.2.0.jar:/Users/tarequzzamankhan/.m2/repository/org/junit/platform/junit-platform-commons/1.6.0/junit-platform-commons-1.6.0.jar:/Users/tarequzzamankhan/.m2/repository/org/junit/jupiter/junit-jupiter-engine/5.6.0/junit-jupiter-engine-5.6.0.jar:/Users/tarequzzamankhan/.m2/repository/org/junit/platform/junit-platform-engine/1.6.0/junit-platform-engine-1.6.0.jar:/Users/tarequzzamankhan/.m2/repository/org/apache/maven/surefire/surefire-junit-platform/3.1.2/surefire-junit-platform-3.1.2.jar:/Users/tarequzzamankhan/.m2/repository/org/apache/maven/surefire/common-java5/3.1.2/common-java5-3.1.2.jar:/Users/tarequzzamankhan/.m2/repository/org/junit/platform/junit-platform-launcher/1.6.0/junit-platform-launcher-1.6.0.jar"/>
    <property name="sun.management.compiler" value="HotSpot 64-Bit Tiered Compilers"/>
    <property name="ftp.nonProxyHosts" value="local|*.local|169.254/16|*.169.254/16"/>
    <property name="java.runtime.version" value="21.0.2+13-LTS-58"/>
    <property name="user.name" value="tarequzzamankhan"/>
    <property name="stdout.encoding" value="UTF-8"/>
    <property name="path.separator" value=":"/>
    <property name="os.version" value="14.4.1"/>
    <property name="java.runtime.name" value="Java(TM) SE Runtime Environment"/>
    <property name="file.encoding" value="UTF-8"/>
    <property name="java.vm.name" value="Java HotSpot(TM) 64-Bit Server VM"/>
    <property name="maven.ext.class.path" value="/Applications/Apache NetBeans.app/Contents/Resources/netbeans/java/maven-nblib/netbeans-eventspy.jar"/>
    <property name="localRepository" value="/Users/tarequzzamankhan/.m2/repository"/>
    <property name="java.vendor.url.bug" value="https://bugreport.java.com/bugreport/"/>
    <property name="java.io.tmpdir" value="/var/folders/lt/5xjv944j3fz9rft993hwg4qc0000gn/T/"/>
    <property name="java.version" value="21.0.2"/>
    <property name="user.dir" value="/Users/tarequzzamankhan/Library/CloudStorage/OneDrive-CQUniversity/Semester3/COIT20258/Assignment2/DRSManagement"/>
    <property name="os.arch" value="x86_64"/>
    <property name="java.vm.specification.name" value="Java Virtual Machine Specification"/>
    <property name="native.encoding" value="UTF-8"/>
    <property name="java.library.path" value="/Users/tarequzzamankhan/Library/Java/Extensions:/Library/Java/Extensions:/Network/Library/Java/Extensions:/System/Library/Java/Extensions:/usr/lib/java:."/>
    <property name="java.vm.info" value="mixed mode"/>
    <property name="stderr.encoding" value="UTF-8"/>
    <property name="java.vendor" value="Oracle Corporation"/>
    <property name="java.vm.version" value="21.0.2+13-LTS-58"/>
    <property name="sun.io.unicode.encoding" value="UnicodeBig"/>
    <property name="socksNonProxyHosts" value="local|*.local|169.254/16|*.169.254/16"/>
    <property name="java.class.version" value="65.0"/>
  </properties>
  <testcase name="testFileExists_FileDoesNotExist" classname="databaseTest.FileServiceTest" time="0.001"/>
  <testcase name="testFileExists_FileExists" classname="databaseTest.FileServiceTest" time="0.001"/>
  <testcase name="testCreateFileIfNotExists_FileDoesNotExist" classname="databaseTest.FileServiceTest" time="0.002"/>
  <testcase name="testCreateFileIfNotExists_FileAlreadyExists" classname="databaseTest.FileServiceTest" time="0.001"/>
</testsuite>